{"D:\\TD_Designsystemharness_BE_nodejs_FE_reactjs_FE_angularjs-\\backend\\src\\app.js":{"path":"D:\\TD_Designsystemharness_BE_nodejs_FE_reactjs_FE_angularjs-\\backend\\src\\app.js","statementMap":{"0":{"start":{"line":2,"column":16},"end":{"line":2,"column":34}},"1":{"start":{"line":3,"column":12},"end":{"line":3,"column":21}},"2":{"start":{"line":4,"column":0},"end":{"line":4,"column":24}},"3":{"start":{"line":9,"column":15},"end":{"line":13,"column":1}},"4":{"start":{"line":15,"column":0},"end":{"line":15,"column":62}},"5":{"start":{"line":15,"column":44},"end":{"line":15,"column":60}},"6":{"start":{"line":16,"column":0},"end":{"line":16,"column":61}},"7":{"start":{"line":16,"column":33},"end":{"line":16,"column":59}},"8":{"start":{"line":18,"column":0},"end":{"line":21,"column":1}},"9":{"start":{"line":19,"column":15},"end":{"line":19,"column":39}},"10":{"start":{"line":20,"column":2},"end":{"line":20,"column":90}},"11":{"start":{"line":20,"column":25},"end":{"line":20,"column":88}},"12":{"start":{"line":22,"column":0},"end":{"line":22,"column":21}}},"fnMap":{"0":{"name":"(anonymous_0)","decl":{"start":{"line":15,"column":30},"end":{"line":15,"column":31}},"loc":{"start":{"line":15,"column":44},"end":{"line":15,"column":60}},"line":15},"1":{"name":"(anonymous_1)","decl":{"start":{"line":16,"column":19},"end":{"line":16,"column":20}},"loc":{"start":{"line":16,"column":33},"end":{"line":16,"column":59}},"line":16},"2":{"name":"(anonymous_2)","decl":{"start":{"line":20,"column":19},"end":{"line":20,"column":20}},"loc":{"start":{"line":20,"column":25},"end":{"line":20,"column":88}},"line":20}},"branchMap":{"0":{"loc":{"start":{"line":18,"column":0},"end":{"line":21,"column":1}},"type":"if","locations":[{"start":{"line":18,"column":0},"end":{"line":21,"column":1}},{"start":{},"end":{}}],"line":18},"1":{"loc":{"start":{"line":19,"column":15},"end":{"line":19,"column":39}},"type":"binary-expr","locations":[{"start":{"line":19,"column":15},"end":{"line":19,"column":31}},{"start":{"line":19,"column":35},"end":{"line":19,"column":39}}],"line":19}},"s":{"0":1,"1":1,"2":1,"3":1,"4":1,"5":1,"6":1,"7":1,"8":1,"9":0,"10":0,"11":0,"12":1},"f":{"0":1,"1":1,"2":0},"b":{"0":[0,1],"1":[0,0]},"_coverageSchema":"1a1c01bbd47fc00a2c39e90264f33305004495a9","hash":"27f16f517ecc9b8db50f3ea46d0fe7bded614f8c","contentHash":"6b977ce7c77ca26239ca9705bfac91ef34e959bd866e1c6a6573b744d34e9fd4"}}